<?xml version="1.0" encoding="UTF-8"?>
<!-- Generated by org.testng.reporters.JUnitReportReporter -->
<testsuite skipped="0" hostname="LCE23511" name="TFW_Test.Login_TFW" tests="1" failures="0" timestamp="26 Apr 2019 09:33:24 GMT" time="9.298" errors="0">
  <testcase name="LoginTFW" time="9.298" classname="TFW_Test.Login_TFW"/>
</testsuite> <!-- TFW_Test.Login_TFW -->
