<?xml version="1.0" encoding="UTF-8"?>
<!-- Generated by org.testng.reporters.JUnitReportReporter -->
<testsuite skipped="0" hostname="LCE23511" name="TFW_Test.Reporting" tests="1" failures="0" timestamp="26 Apr 2019 09:33:24 GMT" time="11.142" errors="0">
  <testcase name="Reporting" time="11.142" classname="TFW_Test.Reporting"/>
</testsuite> <!-- TFW_Test.Reporting -->
